<?xml version="1.0" encoding="UTF-8"?>
<!-- Generated by org.testng.reporters.JUnitReportReporter -->
<testsuite skipped="0" hostname="Kiran-PC" name="com.newtours.qa.testcases.HomePageTest" tests="4" failures="0" timestamp="11 Nov 2018 04:11:57 GMT" time="70.045" errors="0">
  <testcase name="checkTabnameTest" time="11.781" classname="com.newtours.qa.testcases.HomePageTest"/>
  <testcase name="itineraryTest" time="11.240" classname="com.newtours.qa.testcases.HomePageTest"/>
  <testcase name="profilePageTest" time="35.497" classname="com.newtours.qa.testcases.HomePageTest"/>
  <testcase name="signOnPageTest" time="11.527" classname="com.newtours.qa.testcases.HomePageTest"/>
</testsuite> <!-- com.newtours.qa.testcases.HomePageTest -->
