<?xml version="1.0" encoding="UTF-8"?>
<!-- Generated by org.testng.reporters.JUnitReportReporter -->
<testsuite skipped="0" hostname="Kiran-PC" name="com.newtours.qa.testcases.LoginPageTest" tests="2" failures="0" timestamp="11 Nov 2018 09:58:18 GMT" time="27.846" errors="0">
  <testcase name="loginpagetitleTest" time="9.606" classname="com.newtours.qa.testcases.LoginPageTest"/>
  <testcase name="logincrendialTest" time="18.240" classname="com.newtours.qa.testcases.LoginPageTest"/>
</testsuite> <!-- com.newtours.qa.testcases.LoginPageTest -->
