<?xml version="1.0" encoding="UTF-8"?>
<!-- Generated by org.testng.reporters.JUnitReportReporter -->
<testsuite skipped="3" hostname="Kiran-PC" name="com.newtours.qa.testcases.HomePageTest" tests="4" failures="0" timestamp="11 Nov 2018 11:36:08 GMT" time="19.710" errors="0">
  <testcase name="signOnPageTest" time="19.710" classname="com.newtours.qa.testcases.HomePageTest"/>
  <testcase name="profilePageTest" classname="com.newtours.qa.testcases.HomePageTest">
    <skipped/>
  </testcase> <!-- profilePageTest -->
  <testcase name="itineraryTest" classname="com.newtours.qa.testcases.HomePageTest">
    <skipped/>
  </testcase> <!-- itineraryTest -->
  <testcase name="checkTabnameTest" classname="com.newtours.qa.testcases.HomePageTest">
    <skipped/>
  </testcase> <!-- checkTabnameTest -->
</testsuite> <!-- com.newtours.qa.testcases.HomePageTest -->
