<?xml version="1.0" encoding="UTF-8"?>
<!-- Generated by org.testng.reporters.JUnitReportReporter -->
<testsuite skipped="0" hostname="Kiran-PC" name="com.newtours.qa.testcases.LoginPageTest" tests="2" failures="0" timestamp="14 Nov 2018 19:09:21 GMT" time="18.020" errors="0">
  <testcase name="loginpagetitleTest" time="7.398" classname="com.newtours.qa.testcases.LoginPageTest"/>
  <testcase name="logincrendialTest" time="10.622" classname="com.newtours.qa.testcases.LoginPageTest"/>
</testsuite> <!-- com.newtours.qa.testcases.LoginPageTest -->
