<?xml version="1.0" encoding="UTF-8"?>
<!-- Generated by org.testng.reporters.JUnitReportReporter -->
<testsuite skipped="0" hostname="Kiran-PC" name="com.newtours.qa.testcases.LoginPageTest" tests="2" failures="0" timestamp="11 Nov 2018 04:11:57 GMT" time="19.459" errors="0">
  <testcase name="loginpagetitleTest" time="7.478" classname="com.newtours.qa.testcases.LoginPageTest"/>
  <testcase name="logincrendialTest" time="11.981" classname="com.newtours.qa.testcases.LoginPageTest"/>
</testsuite> <!-- com.newtours.qa.testcases.LoginPageTest -->
