<?xml version="1.0" encoding="UTF-8"?>
<!-- Generated by org.testng.reporters.JUnitReportReporter -->
<testsuite skipped="0" hostname="Kiran-PC" name="com.newtours.qa.testcases.LoginPageTest" tests="2" failures="0" timestamp="03 Nov 2018 15:28:29 GMT" time="33.478" errors="0">
  <testcase name="loginpagetitleTest" time="8.019" classname="com.newtours.qa.testcases.LoginPageTest"/>
  <testcase name="logincrendialTest" time="25.459" classname="com.newtours.qa.testcases.LoginPageTest"/>
</testsuite> <!-- com.newtours.qa.testcases.LoginPageTest -->
