<?xml version="1.0" encoding="UTF-8"?>
<!-- Generated by org.testng.reporters.JUnitReportReporter -->
<testsuite skipped="0" hostname="Kiran-PC" name="com.newtours.qa.testcases.HomePageTest" tests="1" failures="0" timestamp="11 Nov 2018 09:48:46 GMT" time="37.728" errors="0">
  <testcase name="checkTabnameTest" time="37.728" classname="com.newtours.qa.testcases.HomePageTest"/>
</testsuite> <!-- com.newtours.qa.testcases.HomePageTest -->
