<?xml version="1.0" encoding="UTF-8"?>
<!-- Generated by org.testng.reporters.JUnitReportReporter -->
<testsuite skipped="0" hostname="Kiran-PC" name="com.newtours.qa.testcases.LoginPageTest" tests="1" failures="0" timestamp="11 Nov 2018 09:48:46 GMT" time="7.692" errors="0">
  <testcase name="loginpagetitleTest" time="7.692" classname="com.newtours.qa.testcases.LoginPageTest"/>
</testsuite> <!-- com.newtours.qa.testcases.LoginPageTest -->
